#
# A fatal error has been detected by the Java Runtime Environment:
#
#  SIGSEGV (0xb) at pc=0x00007f8d2f8e2ea1, pid=4511, tid=4523
#
# JRE version: OpenJDK Runtime Environment (11.0.6+10) (build 11.0.6+10-post-Debian-1deb10u1)
# Java VM: OpenJDK 64-Bit Server VM (11.0.6+10-post-Debian-1deb10u1, mixed mode, sharing, tiered, compressed oops, serial gc, linux-amd64)
# Problematic frame:
# C  [libjimage.so+0x2ea1]
#
# No core dump will be written. Core dumps have been disabled. To enable core dumping, try "ulimit -c unlimited" before starting Java again
#
# If you would like to submit a bug report, please visit:
#   https://bugs.debian.org/openjdk-11
#

---------------  S U M M A R Y ------------

Command Line: -agentlib:jdwp=transport=dt_socket,suspend=y,address=localhost:38109 -ea -javaagent:/home/bd2/eclipse/jee-2019-12/eclipse/configuration/org.eclipse.osgi/405/0/.cp/lib/javaagent-shaded.jar -Dfile.encoding=UTF-8 org.eclipse.jdt.internal.junit.runner.RemoteTestRunner -version 3 -port 38381 -testLoaderClass org.eclipse.jdt.internal.junit5.runner.JUnit5TestLoader -loaderpluginname org.eclipse.jdt.junit5.runtime -test ar.edu.unlp.info.bd2.services.DBliveryMongoTestCase:testUpdateProductPrice

Host: AMD A4-4000 APU with Radeon(tm) HD Graphics, 1 cores, 1G, Debian GNU/Linux 10 (buster)
Time: Sat May 30 18:12:39 2020 -03 elapsed time: 476 seconds (0d 0h 7m 56s)

---------------  T H R E A D  ---------------

Current thread (0x00007f8d280c0800):  JavaThread "Signal Dispatcher" daemon [_thread_in_vm, id=4523, stack(0x00007f8d2e617000,0x00007f8d2e718000)]

Stack: [0x00007f8d2e617000,0x00007f8d2e718000],  sp=0x00007f8d2e7151a0,  free space=1016k
Native frames: (J=compiled Java code, A=aot compiled Java code, j=interpreted, Vv=VM code, C=native code)
C  [libjimage.so+0x2ea1]
C  [libjimage.so+0x3b1a]
C  [libjimage.so+0x3fe5]